<?xml version="1.0" encoding="UTF-8"?>
<!-- Generated by org.testng.reporters.JUnitXMLReporter -->
<testsuite ignored="1" hostname="fv-az267-527" failures="0" tests="1" name="NegativePasswordTests" time="6.099" errors="0" timestamp="2022-12-25T13:28:21 UTC">
  <testcase classname="com.practicetestautomation.tests.LoginTests" name="negativeLoginTest" time="1.458"/>
  <testcase classname="com.practicetestautomation.tests.LoginTests" name="logInTest" time="0.0">
    <ignored/>
  </testcase> <!-- logInTest -->
</testsuite> <!-- NegativePasswordTests -->
