<?xml version="1.0" encoding="UTF-8"?>
<!-- Generated by org.testng.reporters.JUnitXMLReporter -->
<testsuite ignored="1" hostname="fv-az449-681" failures="0" tests="1" name="NegativePasswordTests" time="5.189" errors="0" timestamp="2022-12-25T13:33:57 UTC">
  <testcase classname="com.practicetestautomation.tests.LoginTests" name="negativeLoginTest" time="1.446"/>
  <testcase classname="com.practicetestautomation.tests.LoginTests" name="logInTest" time="0.0">
    <ignored/>
  </testcase> <!-- logInTest -->
</testsuite> <!-- NegativePasswordTests -->
