<?xml version="1.0" encoding="UTF-8"?>
<testsuite xmlns:xsi="http://www.w3.org/2001/XMLSchema-instance" xsi:noNamespaceSchemaLocation="https://maven.apache.org/surefire/maven-surefire-plugin/xsd/surefire-test-report-3.0.xsd" version="3.0" name="TestSuite" time="14.052" tests="3" errors="0" skipped="0" failures="0">
  <properties>
[...]
</properties>
  <testcase name="logInTest" classname="com.practicetestautomation.tests.LoginTests" time="4.053">
    <system-err><![CDATA[[main] INFO io.github.bonigarcia.wdm.WebDriverManager - Using chromedriver 108.0.5359.71 (resolved driver for Chrome 108)
[main] INFO io.github.bonigarcia.wdm.WebDriverManager - Reading https://chromedriver.storage.googleapis.com/ to seek chromedriver
[main] INFO io.github.bonigarcia.wdm.online.Downloader - Downloading https://chromedriver.storage.googleapis.com/108.0.5359.71/chromedriver_linux64.zip
[main] INFO io.github.bonigarcia.wdm.online.Downloader - Extracting driver from compressed file chromedriver_linux64.zip
[main] INFO io.github.bonigarcia.wdm.WebDriverManager - Exporting webdriver.chrome.driver as /home/runner/.cache/selenium/chromedriver/linux64/108.0.5359.71/chromedriver
Starting ChromeDriver 108.0.5359.71 (1e0e3868ee06e91ad636a874420e3ca3ae3756ac-refs/branch-heads/5359@{#1016}) on port 18388
Only local connections are allowed.
Please see https://chromedriver.chromium.org/security-considerations for suggestions on keeping ChromeDriver safe.
ChromeDriver was started successfully.
Dec 25, 2022 1:33:46 PM org.openqa.selenium.devtools.CdpVersionFinder findNearestMatch
WARNING: Unable to find an exact match for CDP version 108, so returning the closest version found: 107
]]></system-err>
  </testcase>
  <testcase name="negativeLoginTest[incorrectUsername, Password123, Your username is invalid!](1)" classname="com.practicetestautomation.tests.LoginTests" time="0.71">
    <system-err><![CDATA[[main] INFO io.github.bonigarcia.wdm.WebDriverManager - Using chromedriver 108.0.5359.71 (resolved driver for Chrome 108)
[main] INFO io.github.bonigarcia.wdm.WebDriverManager - Exporting webdriver.chrome.driver as /home/runner/.cache/selenium/chromedriver/linux64/108.0.5359.71/chromedriver
Starting ChromeDriver 108.0.5359.71 (1e0e3868ee06e91ad636a874420e3ca3ae3756ac-refs/branch-heads/5359@{#1016}) on port 4020
Only local connections are allowed.
Please see https://chromedriver.chromium.org/security-considerations for suggestions on keeping ChromeDriver safe.
ChromeDriver was started successfully.
]]></system-err>
  </testcase>
  <testcase name="negativeLoginTest[student, incorrectPassword!, Your password is invalid!](1)" classname="com.practicetestautomation.tests.LoginTests" time="1.446">
    <system-err><![CDATA[[main] INFO io.github.bonigarcia.wdm.WebDriverManager - Using geckodriver 0.32.0 (resolved driver for Firefox 108)
[main] INFO io.github.bonigarcia.wdm.WebDriverManager - Reading https://raw.githubusercontent.com/bonigarcia/webdrivermanager/master/docs/mirror/geckodriver to seek geckodriver
[main] INFO io.github.bonigarcia.wdm.online.Downloader - Downloading https://github.com/mozilla/geckodriver/releases/download/v0.32.0/geckodriver-v0.32.0-linux64.tar.gz
[main] INFO io.github.bonigarcia.wdm.online.Downloader - Extracting driver from compressed file geckodriver-v0.32.0-linux64.tar.gz
[main] INFO io.github.bonigarcia.wdm.WebDriverManager - Exporting webdriver.gecko.driver as /home/runner/.cache/selenium/geckodriver/linux64/0.32.0/geckodriver
1671975232739	geckodriver	INFO	Listening on 127.0.0.1:21876
1671975232754	mozrunner::runner	INFO	Running command: "/usr/bin/firefox" "--marionette" "-headless" "--remote-debugging-port" "20919" "--remote-allow-hosts" "localhost" "--remote-allow-origins" "http://127.0.0.1:20919/,http://localhost:20919/,http://[::1]:20919/" "-no-remote" "-profile" "/tmp/rust_mozprofileKQRwdz"
*** You are running in headless mode.
[GFX1-]: glxtest: Unable to open a connection to the X server
1671975233285	Marionette	INFO	Marionette enabled
1671975233290	Marionette	INFO	Listening on port 40851
Read port: 40851
WebDriver BiDi listening on ws://127.0.0.1:20919
1671975233455	RemoteAgent	WARN	TLS certificate errors will be ignored for this session
[GFX1-]: RenderCompositorSWGL failed mapping default framebuffer, no dt
console.warn: SearchSettings: "get: No settings file exists, new profile?" (new NotFoundError("Could not open the file at /tmp/rust_mozprofileKQRwdz/search.json.mozlz4", (void 0)))
DevTools listening on ws://127.0.0.1:20919/devtools/browser/cda22674-862e-4d3d-99c1-0fae3b55b062
]]></system-err>
  </testcase>
</testsuite>