<?xml version="1.0" encoding="UTF-8"?>
<testng-results ignored="3" total="6" passed="3" failed="0" skipped="0">
  <reporter-output>
  </reporter-output>
  <suite started-at="2022-12-25T13:28:05 UTC" name="LoginTestsSuite" finished-at="2022-12-25T13:28:21 UTC" duration-ms="15939">
    <groups>
    </groups>
    <test started-at="2022-12-25T13:28:05 UTC" name="PositiveTests-Chrome" finished-at="2022-12-25T13:28:13 UTC" duration-ms="8354">
      <class name="com.practicetestautomation.tests.LoginTests">
        <test-method is-config="true" signature="setUp(java.lang.reflect.Method, java.lang.String, java.lang.String, java.lang.String, org.testng.ITestContext)[pri:0, instance:com.practicetestautomation.tests.LoginTests@355ce81c]" started-at="2022-12-25T13:28:05 UTC" name="setUp" finished-at="2022-12-25T13:28:09 UTC" duration-ms="3960" status="PASS">
          <params>
            <param index="0">
              <value>
                <![CDATA[public void com.practicetestautomation.tests.LoginTests.logInTest()]]>
              </value>
            </param>
            <param index="1">
              <value>
                <![CDATA[chrome]]>
              </value>
            </param>
            <param index="2">
              <value>
                <![CDATA[local]]>
              </value>
            </param>
            <param index="3">
              <value>
                <![CDATA[Linux]]>
              </value>
            </param>
            <param index="4">
              <value>
                <![CDATA[org.testng.TestRunner@3af2f846]]>
              </value>
            </param>
          </params>
          <reporter-output>
          </reporter-output>
        </test-method> <!-- setUp -->
        <test-method signature="logInTest()[pri:1, instance:com.practicetestautomation.tests.LoginTests@355ce81c]" started-at="2022-12-25T13:28:09 UTC" name="logInTest" finished-at="2022-12-25T13:28:13 UTC" duration-ms="4244" status="PASS">
          <reporter-output>
          </reporter-output>
        </test-method> <!-- logInTest -->
        <test-method is-config="true" signature="tearDown()[pri:0, instance:com.practicetestautomation.tests.LoginTests@355ce81c]" started-at="2022-12-25T13:28:13 UTC" name="tearDown" finished-at="2022-12-25T13:28:13 UTC" duration-ms="122" status="PASS">
          <reporter-output>
          </reporter-output>
        </test-method> <!-- tearDown -->
      </class> <!-- com.practicetestautomation.tests.LoginTests -->
    </test> <!-- PositiveTests-Chrome -->
    <test started-at="2022-12-25T13:28:13 UTC" name="NegativeUsernameTests" finished-at="2022-12-25T13:28:15 UTC" duration-ms="1476">
      <class name="com.practicetestautomation.tests.LoginTests">
        <test-method is-config="true" signature="setUp(java.lang.reflect.Method, java.lang.String, java.lang.String, java.lang.String, org.testng.ITestContext)[pri:0, instance:com.practicetestautomation.tests.LoginTests@c333c60]" started-at="2022-12-25T13:28:13 UTC" name="setUp" finished-at="2022-12-25T13:28:14 UTC" duration-ms="508" status="PASS">
          <params>
            <param index="0">
              <value>
                <![CDATA[public void com.practicetestautomation.tests.LoginTests.negativeLoginTest(java.lang.String,java.lang.String,java.lang.String)]]>
              </value>
            </param>
            <param index="1">
              <value>
                <![CDATA[chrome]]>
              </value>
            </param>
            <param index="2">
              <value>
                <![CDATA[local]]>
              </value>
            </param>
            <param index="3">
              <value>
                <![CDATA[Linux]]>
              </value>
            </param>
            <param index="4">
              <value>
                <![CDATA[org.testng.TestRunner@6af65f29]]>
              </value>
            </param>
          </params>
          <reporter-output>
          </reporter-output>
        </test-method> <!-- setUp -->
        <test-method signature="negativeLoginTest(java.lang.String, java.lang.String, java.lang.String)[pri:2, instance:com.practicetestautomation.tests.LoginTests@c333c60]" started-at="2022-12-25T13:28:14 UTC" name="negativeLoginTest" finished-at="2022-12-25T13:28:15 UTC" duration-ms="857" status="PASS">
          <params>
            <param index="0">
              <value>
                <![CDATA[incorrectUsername]]>
              </value>
            </param>
            <param index="1">
              <value>
                <![CDATA[Password123]]>
              </value>
            </param>
            <param index="2">
              <value>
                <![CDATA[Your username is invalid!]]>
              </value>
            </param>
          </params>
          <reporter-output>
          </reporter-output>
        </test-method> <!-- negativeLoginTest -->
        <test-method is-config="true" signature="tearDown()[pri:0, instance:com.practicetestautomation.tests.LoginTests@c333c60]" started-at="2022-12-25T13:28:15 UTC" name="tearDown" finished-at="2022-12-25T13:28:15 UTC" duration-ms="109" status="PASS">
          <reporter-output>
          </reporter-output>
        </test-method> <!-- tearDown -->
      </class> <!-- com.practicetestautomation.tests.LoginTests -->
    </test> <!-- NegativeUsernameTests -->
    <test started-at="2022-12-25T13:28:15 UTC" name="NegativePasswordTests" finished-at="2022-12-25T13:28:21 UTC" duration-ms="6099">
      <class name="com.practicetestautomation.tests.LoginTests">
        <test-method is-config="true" signature="setUp(java.lang.reflect.Method, java.lang.String, java.lang.String, java.lang.String, org.testng.ITestContext)[pri:0, instance:com.practicetestautomation.tests.LoginTests@4e7912d8]" started-at="2022-12-25T13:28:15 UTC" name="setUp" finished-at="2022-12-25T13:28:19 UTC" duration-ms="3842" status="PASS">
          <params>
            <param index="0">
              <value>
                <![CDATA[public void com.practicetestautomation.tests.LoginTests.negativeLoginTest(java.lang.String,java.lang.String,java.lang.String)]]>
              </value>
            </param>
            <param index="1">
              <value>
                <![CDATA[firefox]]>
              </value>
            </param>
            <param index="2">
              <value>
                <![CDATA[local]]>
              </value>
            </param>
            <param index="3">
              <value>
                <![CDATA[Linux]]>
              </value>
            </param>
            <param index="4">
              <value>
                <![CDATA[org.testng.TestRunner@370c9018]]>
              </value>
            </param>
          </params>
          <reporter-output>
          </reporter-output>
        </test-method> <!-- setUp -->
        <test-method signature="negativeLoginTest(java.lang.String, java.lang.String, java.lang.String)[pri:2, instance:com.practicetestautomation.tests.LoginTests@4e7912d8]" started-at="2022-12-25T13:28:19 UTC" name="negativeLoginTest" finished-at="2022-12-25T13:28:20 UTC" duration-ms="1458" status="PASS">
          <params>
            <param index="0">
              <value>
                <![CDATA[student]]>
              </value>
            </param>
            <param index="1">
              <value>
                <![CDATA[incorrectPassword!]]>
              </value>
            </param>
            <param index="2">
              <value>
                <![CDATA[Your password is invalid!]]>
              </value>
            </param>
          </params>
          <reporter-output>
          </reporter-output>
        </test-method> <!-- negativeLoginTest -->
        <test-method is-config="true" signature="tearDown()[pri:0, instance:com.practicetestautomation.tests.LoginTests@4e7912d8]" started-at="2022-12-25T13:28:20 UTC" name="tearDown" finished-at="2022-12-25T13:28:21 UTC" duration-ms="799" status="PASS">
          <reporter-output>
          </reporter-output>
        </test-method> <!-- tearDown -->
      </class> <!-- com.practicetestautomation.tests.LoginTests -->
    </test> <!-- NegativePasswordTests -->
  </suite> <!-- LoginTestsSuite -->
</testng-results>
